<?xml version="1.0" encoding="UTF-8"?>
<!-- Generated by org.testng.reporters.JUnitXMLReporter -->
<testsuite hostname="Sashank" ignored="0" name="Default test" tests="5" failures="0" timestamp="17 Apr 2019 21:43:16 GMT" time="58.117" errors="0">
  <testcase name="login" time="2.032" classname="ExcelTest.ReadData"/>
  <testcase name="login" time="2.067" classname="ExcelTest.ReadData"/>
  <testcase name="login" time="1.668" classname="ExcelTest.ReadData"/>
  <testcase name="login" time="2.049" classname="ExcelTest.ReadData"/>
  <testcase name="login" time="1.861" classname="ExcelTest.ReadData"/>
</testsuite> <!-- Default test -->
