<?xml version="1.0" encoding="UTF-8"?>
<!-- Generated by org.testng.reporters.JUnitXMLReporter -->
<testsuite hostname="Sashank" ignored="1" name="LearnAutomationTest" tests="3" failures="1" timestamp="01 Feb 2019 17:34:42 GMT" time="18.639" errors="0">
  <testcase name="automationTools" time="0.277" classname="learnAutomation.AutomationToolsTest"/>
  <testcase name="selectJunkinSelenium" time="5.968" classname="learnAutomation.AutomationToolsTest"/>
  <testcase name="contactUsTest" time="0.002" classname="learnAutomation.ContactUsTest">
    <failure type="java.lang.NullPointerException">
      <![CDATA[java.lang.NullPointerException
at learnAutomation.ContactUsTest.contactUsTest(ContactUsTest.java:18)
... Removed 25 stack frames]]>
    </failure>
  </testcase> <!-- contactUsTest -->
  <testcase name="@BeforeTest loadDriver" time="0.0" classname="learnAutomation.LearnAutomationTest">
    <ignored/>
  </testcase> <!-- @BeforeTest loadDriver -->
</testsuite> <!-- LearnAutomationTest -->
