<?xml version="1.0" encoding="UTF-8"?>
<!-- Generated by org.testng.reporters.JUnitXMLReporter -->
<testsuite hostname="Sashank" ignored="1" name="LearnAutomationTest1" tests="3" failures="0" timestamp="17 Apr 2019 18:46:13 GMT" time="57.733" errors="0">
  <testcase name="sum" time="0.019" classname="learnAutomation.LearnAutomationTest"/>
  <testcase name="explicitTest" time="45.439" classname="learnAutomation.ExplicitWait"/>
  <testcase name="explicitTest" time="46.328" classname="learnAutomation.WindowHandle"/>
  <testcase name="invokeBrowser" time="0.0" classname="learnAutomation.LearnAutomationTest">
    <ignored/>
  </testcase> <!-- invokeBrowser -->
</testsuite> <!-- LearnAutomationTest1 -->
