<?xml version="1.0" encoding="UTF-8"?>
<testng-results skipped="0" failed="0" ignored="0" total="5" passed="5">
  <reporter-output>
  </reporter-output>
  <suite name="Default suite" duration-ms="58117" started-at="2019-04-17T21:42:18Z" finished-at="2019-04-17T21:43:16Z">
    <groups>
    </groups>
    <test name="Default test" duration-ms="58117" started-at="2019-04-17T21:42:18Z" finished-at="2019-04-17T21:43:16Z">
      <class name="ExcelTest.ReadData">
        <test-method status="PASS" signature="invokeBrowser()[pri:0, instance:ExcelTest.ReadData@42f93a98]" name="invokeBrowser" is-config="true" duration-ms="10846" started-at="2019-04-17T21:42:19Z" finished-at="2019-04-17T21:42:30Z">
          <reporter-output>
          </reporter-output>
        </test-method> <!-- invokeBrowser -->
        <test-method status="PASS" signature="login(java.lang.String, java.lang.String)[pri:0, instance:ExcelTest.ReadData@42f93a98]" name="login" duration-ms="2032" started-at="2019-04-17T21:42:30Z" data-provider="excelDataReader" finished-at="2019-04-17T21:42:32Z">
          <params>
            <param index="0">
              <value>
                <![CDATA[rajyalakshmichaitanya]]>
              </value>
            </param>
            <param index="1">
              <value>
                <![CDATA[chaitanya@123]]>
              </value>
            </param>
          </params>
          <reporter-output>
          </reporter-output>
        </test-method> <!-- login -->
        <test-method status="PASS" signature="closeBrowser(org.testng.ITestResult)[pri:0, instance:ExcelTest.ReadData@42f93a98]" name="closeBrowser" is-config="true" duration-ms="2142" started-at="2019-04-17T21:42:32Z" finished-at="2019-04-17T21:42:34Z">
          <params>
            <param index="0">
              <value>
                <![CDATA[[TestResult name=login status=SUCCESS method=ReadData.login(java.lang.String, java.lang.String)[pri:0, instance:ExcelTest.ReadData@42f93a98] output={null}]]]>
              </value>
            </param>
          </params>
          <reporter-output>
          </reporter-output>
        </test-method> <!-- closeBrowser -->
        <test-method status="PASS" signature="invokeBrowser()[pri:0, instance:ExcelTest.ReadData@42f93a98]" name="invokeBrowser" is-config="true" duration-ms="6525" started-at="2019-04-17T21:42:34Z" finished-at="2019-04-17T21:42:41Z">
          <reporter-output>
          </reporter-output>
        </test-method> <!-- invokeBrowser -->
        <test-method status="PASS" signature="login(java.lang.String, java.lang.String)[pri:0, instance:ExcelTest.ReadData@42f93a98]" name="login" duration-ms="2067" started-at="2019-04-17T21:42:41Z" data-provider="excelDataReader" finished-at="2019-04-17T21:42:43Z">
          <params>
            <param index="0">
              <value>
                <![CDATA[rajyalakshmichaitanya]]>
              </value>
            </param>
            <param index="1">
              <value>
                <![CDATA[Chaitanya@1]]>
              </value>
            </param>
          </params>
          <reporter-output>
          </reporter-output>
        </test-method> <!-- login -->
        <test-method status="PASS" signature="closeBrowser(org.testng.ITestResult)[pri:0, instance:ExcelTest.ReadData@42f93a98]" name="closeBrowser" is-config="true" duration-ms="2363" started-at="2019-04-17T21:42:43Z" finished-at="2019-04-17T21:42:45Z">
          <params>
            <param index="0">
              <value>
                <![CDATA[[TestResult name=login status=SUCCESS method=ReadData.login(java.lang.String, java.lang.String)[pri:0, instance:ExcelTest.ReadData@42f93a98] output={null}]]]>
              </value>
            </param>
          </params>
          <reporter-output>
          </reporter-output>
        </test-method> <!-- closeBrowser -->
        <test-method status="PASS" signature="invokeBrowser()[pri:0, instance:ExcelTest.ReadData@42f93a98]" name="invokeBrowser" is-config="true" duration-ms="6034" started-at="2019-04-17T21:42:45Z" finished-at="2019-04-17T21:42:51Z">
          <reporter-output>
          </reporter-output>
        </test-method> <!-- invokeBrowser -->
        <test-method status="PASS" signature="login(java.lang.String, java.lang.String)[pri:0, instance:ExcelTest.ReadData@42f93a98]" name="login" duration-ms="1668" started-at="2019-04-17T21:42:51Z" data-provider="excelDataReader" finished-at="2019-04-17T21:42:53Z">
          <params>
            <param index="0">
              <value>
                <![CDATA[rajyalakshmichaitanya]]>
              </value>
            </param>
            <param index="1">
              <value>
                <![CDATA[Chaitanya@123]]>
              </value>
            </param>
          </params>
          <reporter-output>
          </reporter-output>
        </test-method> <!-- login -->
        <test-method status="PASS" signature="closeBrowser(org.testng.ITestResult)[pri:0, instance:ExcelTest.ReadData@42f93a98]" name="closeBrowser" is-config="true" duration-ms="2135" started-at="2019-04-17T21:42:53Z" finished-at="2019-04-17T21:42:55Z">
          <params>
            <param index="0">
              <value>
                <![CDATA[[TestResult name=login status=SUCCESS method=ReadData.login(java.lang.String, java.lang.String)[pri:0, instance:ExcelTest.ReadData@42f93a98] output={null}]]]>
              </value>
            </param>
          </params>
          <reporter-output>
          </reporter-output>
        </test-method> <!-- closeBrowser -->
        <test-method status="PASS" signature="invokeBrowser()[pri:0, instance:ExcelTest.ReadData@42f93a98]" name="invokeBrowser" is-config="true" duration-ms="5621" started-at="2019-04-17T21:42:55Z" finished-at="2019-04-17T21:43:01Z">
          <reporter-output>
          </reporter-output>
        </test-method> <!-- invokeBrowser -->
        <test-method status="PASS" signature="login(java.lang.String, java.lang.String)[pri:0, instance:ExcelTest.ReadData@42f93a98]" name="login" duration-ms="2049" started-at="2019-04-17T21:43:01Z" data-provider="excelDataReader" finished-at="2019-04-17T21:43:03Z">
          <params>
            <param index="0">
              <value>
                <![CDATA[rajyalakshmichaitanya]]>
              </value>
            </param>
            <param index="1">
              <value>
                <![CDATA[Chaitanya@123]]>
              </value>
            </param>
          </params>
          <reporter-output>
          </reporter-output>
        </test-method> <!-- login -->
        <test-method status="PASS" signature="closeBrowser(org.testng.ITestResult)[pri:0, instance:ExcelTest.ReadData@42f93a98]" name="closeBrowser" is-config="true" duration-ms="2385" started-at="2019-04-17T21:43:03Z" finished-at="2019-04-17T21:43:05Z">
          <params>
            <param index="0">
              <value>
                <![CDATA[[TestResult name=login status=SUCCESS method=ReadData.login(java.lang.String, java.lang.String)[pri:0, instance:ExcelTest.ReadData@42f93a98] output={null}]]]>
              </value>
            </param>
          </params>
          <reporter-output>
          </reporter-output>
        </test-method> <!-- closeBrowser -->
        <test-method status="PASS" signature="invokeBrowser()[pri:0, instance:ExcelTest.ReadData@42f93a98]" name="invokeBrowser" is-config="true" duration-ms="6533" started-at="2019-04-17T21:43:05Z" finished-at="2019-04-17T21:43:12Z">
          <reporter-output>
          </reporter-output>
        </test-method> <!-- invokeBrowser -->
        <test-method status="PASS" signature="login(java.lang.String, java.lang.String)[pri:0, instance:ExcelTest.ReadData@42f93a98]" name="login" duration-ms="1861" started-at="2019-04-17T21:43:12Z" data-provider="excelDataReader" finished-at="2019-04-17T21:43:14Z">
          <params>
            <param index="0">
              <value>
                <![CDATA[rajyalakshmichaitanya]]>
              </value>
            </param>
            <param index="1">
              <value>
                <![CDATA[Chaitanya@123]]>
              </value>
            </param>
          </params>
          <reporter-output>
          </reporter-output>
        </test-method> <!-- login -->
        <test-method status="PASS" signature="closeBrowser(org.testng.ITestResult)[pri:0, instance:ExcelTest.ReadData@42f93a98]" name="closeBrowser" is-config="true" duration-ms="2384" started-at="2019-04-17T21:43:14Z" finished-at="2019-04-17T21:43:16Z">
          <params>
            <param index="0">
              <value>
                <![CDATA[[TestResult name=login status=SUCCESS method=ReadData.login(java.lang.String, java.lang.String)[pri:0, instance:ExcelTest.ReadData@42f93a98] output={null}]]]>
              </value>
            </param>
          </params>
          <reporter-output>
          </reporter-output>
        </test-method> <!-- closeBrowser -->
      </class> <!-- ExcelTest.ReadData -->
    </test> <!-- Default test -->
  </suite> <!-- Default suite -->
</testng-results>
